CRITICAL - 2020-12-13 01:02:56 --> Unable to connect to the database.
#0 C:\xampp\htdocs\ci4tubes\vendor\codeigniter4\framework\system\Database\Database.php(109): CodeIgniter\Database\BaseConnection->initialize()
#1 C:\xampp\htdocs\ci4tubes\vendor\codeigniter4\framework\system\Database\Config.php(148): CodeIgniter\Database\Database->loadForge(Object(CodeIgniter\Database\SQLite3\Connection))
#2 C:\xampp\htdocs\ci4tubes\vendor\codeigniter4\framework\system\Database\Migration.php(78): CodeIgniter\Database\Config::forge('tests')
#3 C:\xampp\htdocs\ci4tubes\vendor\codeigniter4\framework\system\Database\MigrationRunner.php(1026): CodeIgniter\Database\Migration->__construct()
#4 C:\xampp\htdocs\ci4tubes\vendor\codeigniter4\framework\system\Database\MigrationRunner.php(223): CodeIgniter\Database\MigrationRunner->migrate('up', Object(stdClass))
#5 C:\xampp\htdocs\ci4tubes\vendor\codeigniter4\framework\system\Commands\Database\Migrate.php(128): CodeIgniter\Database\MigrationRunner->latest(NULL)
#6 C:\xampp\htdocs\ci4tubes\vendor\codeigniter4\framework\system\CLI\Commands.php(100): CodeIgniter\Commands\Database\Migrate->run(Array)
#7 C:\xampp\htdocs\ci4tubes\vendor\codeigniter4\framework\system\CLI\CommandRunner.php(107): CodeIgniter\CLI\Commands->run('migrate', Array)
#8 C:\xampp\htdocs\ci4tubes\vendor\codeigniter4\framework\system\CLI\CommandRunner.php(85): CodeIgniter\CLI\CommandRunner->index(Array)
#9 C:\xampp\htdocs\ci4tubes\vendor\codeigniter4\framework\system\CodeIgniter.php(914): CodeIgniter\CLI\CommandRunner->_remap('index', 'migrate')
#10 C:\xampp\htdocs\ci4tubes\vendor\codeigniter4\framework\system\CodeIgniter.php(404): CodeIgniter\CodeIgniter->runController(Object(CodeIgniter\CLI\CommandRunner))
#11 C:\xampp\htdocs\ci4tubes\vendor\codeigniter4\framework\system\CodeIgniter.php(312): CodeIgniter\CodeIgniter->handleRequest(NULL, Object(Config\Cache), false)
#12 C:\xampp\htdocs\ci4tubes\vendor\codeigniter4\framework\system\CLI\Console.php(86): CodeIgniter\CodeIgniter->run()
#13 C:\xampp\htdocs\ci4tubes\spark(57): CodeIgniter\CLI\Console->run()
#14 {main}
CRITICAL - 2020-12-13 01:24:51 --> Declaration of Myth\Auth\Filters\LoginFilter::before(CodeIgniter\HTTP\RequestInterface $request) must be compatible with CodeIgniter\Filters\FilterInterface::before(CodeIgniter\HTTP\RequestInterface $request, $arguments = NULL)
#0 [internal function]: CodeIgniter\Debug\Exceptions->shutdownHandler()
#1 {main}
CRITICAL - 2020-12-13 04:35:18 --> You do not have sufficient permissions to access that page.
#0 C:\xampp\htdocs\ci4tubes\vendor\codeigniter4\framework\system\Filters\Filters.php(173): Myth\Auth\Filters\RoleFilter->before(Object(CodeIgniter\HTTP\IncomingRequest), Array)
#1 C:\xampp\htdocs\ci4tubes\vendor\codeigniter4\framework\system\CodeIgniter.php(382): CodeIgniter\Filters\Filters->run('admin/index', 'before')
#2 C:\xampp\htdocs\ci4tubes\vendor\codeigniter4\framework\system\CodeIgniter.php(312): CodeIgniter\CodeIgniter->handleRequest(NULL, Object(Config\Cache), false)
#3 C:\xampp\htdocs\ci4tubes\public\index.php(45): CodeIgniter\CodeIgniter->run()
#4 C:\xampp\htdocs\ci4tubes\vendor\codeigniter4\framework\system\Commands\Server\rewrite.php(34): require_once('C:\\xampp\\htdocs...')
#5 {main}
CRITICAL - 2020-12-13 04:36:25 --> You do not have sufficient permissions to access that page.
#0 C:\xampp\htdocs\ci4tubes\vendor\codeigniter4\framework\system\Filters\Filters.php(173): Myth\Auth\Filters\RoleFilter->before(Object(CodeIgniter\HTTP\IncomingRequest), Array)
#1 C:\xampp\htdocs\ci4tubes\vendor\codeigniter4\framework\system\CodeIgniter.php(382): CodeIgniter\Filters\Filters->run('admin/index', 'before')
#2 C:\xampp\htdocs\ci4tubes\vendor\codeigniter4\framework\system\CodeIgniter.php(312): CodeIgniter\CodeIgniter->handleRequest(NULL, Object(Config\Cache), false)
#3 C:\xampp\htdocs\ci4tubes\public\index.php(45): CodeIgniter\CodeIgniter->run()
#4 C:\xampp\htdocs\ci4tubes\vendor\codeigniter4\framework\system\Commands\Server\rewrite.php(34): require_once('C:\\xampp\\htdocs...')
#5 {main}
CRITICAL - 2020-12-13 04:40:31 --> You do not have sufficient permissions to access that page.
#0 C:\xampp\htdocs\ci4tubes\vendor\codeigniter4\framework\system\Filters\Filters.php(173): Myth\Auth\Filters\RoleFilter->before(Object(CodeIgniter\HTTP\IncomingRequest), Array)
#1 C:\xampp\htdocs\ci4tubes\vendor\codeigniter4\framework\system\CodeIgniter.php(382): CodeIgniter\Filters\Filters->run('admin/index', 'before')
#2 C:\xampp\htdocs\ci4tubes\vendor\codeigniter4\framework\system\CodeIgniter.php(312): CodeIgniter\CodeIgniter->handleRequest(NULL, Object(Config\Cache), false)
#3 C:\xampp\htdocs\ci4tubes\public\index.php(45): CodeIgniter\CodeIgniter->run()
#4 C:\xampp\htdocs\ci4tubes\vendor\codeigniter4\framework\system\Commands\Server\rewrite.php(34): require_once('C:\\xampp\\htdocs...')
#5 {main}
CRITICAL - 2020-12-13 04:54:06 --> Undefined variable: title
#0 C:\xampp\htdocs\ci4tubes\app\Views\templates\index.php(12): CodeIgniter\Debug\Exceptions->errorHandler(8, 'Undefined varia...', 'C:\\xampp\\htdocs...', 12, Array)
#1 C:\xampp\htdocs\ci4tubes\vendor\codeigniter4\framework\system\View\View.php(246): include('C:\\xampp\\htdocs...')
#2 C:\xampp\htdocs\ci4tubes\vendor\codeigniter4\framework\system\View\View.php(257): CodeIgniter\View\View->render('templates/index', Array, true)
#3 C:\xampp\htdocs\ci4tubes\vendor\codeigniter4\framework\system\Common.php(1119): CodeIgniter\View\View->render('user/index', Array, true)
#4 C:\xampp\htdocs\ci4tubes\app\Controllers\User.php(9): view('user/index')
#5 C:\xampp\htdocs\ci4tubes\vendor\codeigniter4\framework\system\CodeIgniter.php(918): App\Controllers\User->index()
#6 C:\xampp\htdocs\ci4tubes\vendor\codeigniter4\framework\system\CodeIgniter.php(404): CodeIgniter\CodeIgniter->runController(Object(App\Controllers\User))
#7 C:\xampp\htdocs\ci4tubes\vendor\codeigniter4\framework\system\CodeIgniter.php(312): CodeIgniter\CodeIgniter->handleRequest(NULL, Object(Config\Cache), false)
#8 C:\xampp\htdocs\ci4tubes\public\index.php(45): CodeIgniter\CodeIgniter->run()
#9 C:\xampp\htdocs\ci4tubes\vendor\codeigniter4\framework\system\Commands\Server\rewrite.php(34): require_once('C:\\xampp\\htdocs...')
#10 {main}
CRITICAL - 2020-12-13 04:54:20 --> Undefined variable: title
#0 C:\xampp\htdocs\ci4tubes\app\Views\templates\index.php(12): CodeIgniter\Debug\Exceptions->errorHandler(8, 'Undefined varia...', 'C:\\xampp\\htdocs...', 12, Array)
#1 C:\xampp\htdocs\ci4tubes\vendor\codeigniter4\framework\system\View\View.php(246): include('C:\\xampp\\htdocs...')
#2 C:\xampp\htdocs\ci4tubes\vendor\codeigniter4\framework\system\View\View.php(257): CodeIgniter\View\View->render('templates/index', Array, true)
#3 C:\xampp\htdocs\ci4tubes\vendor\codeigniter4\framework\system\Common.php(1119): CodeIgniter\View\View->render('user/index', Array, true)
#4 C:\xampp\htdocs\ci4tubes\app\Controllers\User.php(9): view('user/index')
#5 C:\xampp\htdocs\ci4tubes\vendor\codeigniter4\framework\system\CodeIgniter.php(918): App\Controllers\User->index()
#6 C:\xampp\htdocs\ci4tubes\vendor\codeigniter4\framework\system\CodeIgniter.php(404): CodeIgniter\CodeIgniter->runController(Object(App\Controllers\User))
#7 C:\xampp\htdocs\ci4tubes\vendor\codeigniter4\framework\system\CodeIgniter.php(312): CodeIgniter\CodeIgniter->handleRequest(NULL, Object(Config\Cache), false)
#8 C:\xampp\htdocs\ci4tubes\public\index.php(45): CodeIgniter\CodeIgniter->run()
#9 C:\xampp\htdocs\ci4tubes\vendor\codeigniter4\framework\system\Commands\Server\rewrite.php(34): require_once('C:\\xampp\\htdocs...')
#10 {main}
CRITICAL - 2020-12-13 04:58:40 --> Undefined variable: title
#0 C:\xampp\htdocs\ci4tubes\app\Views\templates\index.php(12): CodeIgniter\Debug\Exceptions->errorHandler(8, 'Undefined varia...', 'C:\\xampp\\htdocs...', 12, Array)
#1 C:\xampp\htdocs\ci4tubes\vendor\codeigniter4\framework\system\View\View.php(246): include('C:\\xampp\\htdocs...')
#2 C:\xampp\htdocs\ci4tubes\vendor\codeigniter4\framework\system\View\View.php(257): CodeIgniter\View\View->render('templates/index', Array, true)
#3 C:\xampp\htdocs\ci4tubes\vendor\codeigniter4\framework\system\Common.php(1119): CodeIgniter\View\View->render('user/index', Array, true)
#4 C:\xampp\htdocs\ci4tubes\app\Controllers\User.php(9): view('user/index')
#5 C:\xampp\htdocs\ci4tubes\vendor\codeigniter4\framework\system\CodeIgniter.php(918): App\Controllers\User->index()
#6 C:\xampp\htdocs\ci4tubes\vendor\codeigniter4\framework\system\CodeIgniter.php(404): CodeIgniter\CodeIgniter->runController(Object(App\Controllers\User))
#7 C:\xampp\htdocs\ci4tubes\vendor\codeigniter4\framework\system\CodeIgniter.php(312): CodeIgniter\CodeIgniter->handleRequest(NULL, Object(Config\Cache), false)
#8 C:\xampp\htdocs\ci4tubes\public\index.php(45): CodeIgniter\CodeIgniter->run()
#9 C:\xampp\htdocs\ci4tubes\vendor\codeigniter4\framework\system\Commands\Server\rewrite.php(34): require_once('C:\\xampp\\htdocs...')
#10 {main}
CRITICAL - 2020-12-13 04:58:46 --> Undefined variable: title
#0 C:\xampp\htdocs\ci4tubes\app\Views\templates\index.php(12): CodeIgniter\Debug\Exceptions->errorHandler(8, 'Undefined varia...', 'C:\\xampp\\htdocs...', 12, Array)
#1 C:\xampp\htdocs\ci4tubes\vendor\codeigniter4\framework\system\View\View.php(246): include('C:\\xampp\\htdocs...')
#2 C:\xampp\htdocs\ci4tubes\vendor\codeigniter4\framework\system\View\View.php(257): CodeIgniter\View\View->render('templates/index', Array, true)
#3 C:\xampp\htdocs\ci4tubes\vendor\codeigniter4\framework\system\Common.php(1119): CodeIgniter\View\View->render('user/index', Array, true)
#4 C:\xampp\htdocs\ci4tubes\app\Controllers\User.php(9): view('user/index')
#5 C:\xampp\htdocs\ci4tubes\vendor\codeigniter4\framework\system\CodeIgniter.php(918): App\Controllers\User->index()
#6 C:\xampp\htdocs\ci4tubes\vendor\codeigniter4\framework\system\CodeIgniter.php(404): CodeIgniter\CodeIgniter->runController(Object(App\Controllers\User))
#7 C:\xampp\htdocs\ci4tubes\vendor\codeigniter4\framework\system\CodeIgniter.php(312): CodeIgniter\CodeIgniter->handleRequest(NULL, Object(Config\Cache), false)
#8 C:\xampp\htdocs\ci4tubes\public\index.php(45): CodeIgniter\CodeIgniter->run()
#9 C:\xampp\htdocs\ci4tubes\vendor\codeigniter4\framework\system\Commands\Server\rewrite.php(34): require_once('C:\\xampp\\htdocs...')
#10 {main}
CRITICAL - 2020-12-13 04:58:49 --> Undefined variable: title
#0 C:\xampp\htdocs\ci4tubes\app\Views\templates\index.php(12): CodeIgniter\Debug\Exceptions->errorHandler(8, 'Undefined varia...', 'C:\\xampp\\htdocs...', 12, Array)
#1 C:\xampp\htdocs\ci4tubes\vendor\codeigniter4\framework\system\View\View.php(246): include('C:\\xampp\\htdocs...')
#2 C:\xampp\htdocs\ci4tubes\vendor\codeigniter4\framework\system\View\View.php(257): CodeIgniter\View\View->render('templates/index', Array, true)
#3 C:\xampp\htdocs\ci4tubes\vendor\codeigniter4\framework\system\Common.php(1119): CodeIgniter\View\View->render('user/index', Array, true)
#4 C:\xampp\htdocs\ci4tubes\app\Controllers\User.php(9): view('user/index')
#5 C:\xampp\htdocs\ci4tubes\vendor\codeigniter4\framework\system\CodeIgniter.php(918): App\Controllers\User->index()
#6 C:\xampp\htdocs\ci4tubes\vendor\codeigniter4\framework\system\CodeIgniter.php(404): CodeIgniter\CodeIgniter->runController(Object(App\Controllers\User))
#7 C:\xampp\htdocs\ci4tubes\vendor\codeigniter4\framework\system\CodeIgniter.php(312): CodeIgniter\CodeIgniter->handleRequest(NULL, Object(Config\Cache), false)
#8 C:\xampp\htdocs\ci4tubes\public\index.php(45): CodeIgniter\CodeIgniter->run()
#9 C:\xampp\htdocs\ci4tubes\vendor\codeigniter4\framework\system\Commands\Server\rewrite.php(34): require_once('C:\\xampp\\htdocs...')
#10 {main}
CRITICAL - 2020-12-13 05:00:37 --> Undefined variable: data
#0 C:\xampp\htdocs\ci4tubes\app\Views\templates\index.php(12): CodeIgniter\Debug\Exceptions->errorHandler(8, 'Undefined varia...', 'C:\\xampp\\htdocs...', 12, Array)
#1 C:\xampp\htdocs\ci4tubes\vendor\codeigniter4\framework\system\View\View.php(246): include('C:\\xampp\\htdocs...')
#2 C:\xampp\htdocs\ci4tubes\vendor\codeigniter4\framework\system\View\View.php(257): CodeIgniter\View\View->render('templates/index', Array, true)
#3 C:\xampp\htdocs\ci4tubes\vendor\codeigniter4\framework\system\Common.php(1119): CodeIgniter\View\View->render('user/index', Array, true)
#4 C:\xampp\htdocs\ci4tubes\app\Controllers\User.php(9): view('user/index')
#5 C:\xampp\htdocs\ci4tubes\vendor\codeigniter4\framework\system\CodeIgniter.php(918): App\Controllers\User->index()
#6 C:\xampp\htdocs\ci4tubes\vendor\codeigniter4\framework\system\CodeIgniter.php(404): CodeIgniter\CodeIgniter->runController(Object(App\Controllers\User))
#7 C:\xampp\htdocs\ci4tubes\vendor\codeigniter4\framework\system\CodeIgniter.php(312): CodeIgniter\CodeIgniter->handleRequest(NULL, Object(Config\Cache), false)
#8 C:\xampp\htdocs\ci4tubes\public\index.php(45): CodeIgniter\CodeIgniter->run()
#9 C:\xampp\htdocs\ci4tubes\vendor\codeigniter4\framework\system\Commands\Server\rewrite.php(34): require_once('C:\\xampp\\htdocs...')
#10 {main}
CRITICAL - 2020-12-13 05:04:42 --> Undefined variable: title
#0 C:\xampp\htdocs\ci4tubes\app\Views\templates\index.php(12): CodeIgniter\Debug\Exceptions->errorHandler(8, 'Undefined varia...', 'C:\\xampp\\htdocs...', 12, Array)
#1 C:\xampp\htdocs\ci4tubes\vendor\codeigniter4\framework\system\View\View.php(246): include('C:\\xampp\\htdocs...')
#2 C:\xampp\htdocs\ci4tubes\vendor\codeigniter4\framework\system\View\View.php(257): CodeIgniter\View\View->render('templates/index', Array, true)
#3 C:\xampp\htdocs\ci4tubes\vendor\codeigniter4\framework\system\Common.php(1119): CodeIgniter\View\View->render('user/index', Array, true)
#4 C:\xampp\htdocs\ci4tubes\app\Controllers\User.php(9): view('user/index')
#5 C:\xampp\htdocs\ci4tubes\vendor\codeigniter4\framework\system\CodeIgniter.php(918): App\Controllers\User->index()
#6 C:\xampp\htdocs\ci4tubes\vendor\codeigniter4\framework\system\CodeIgniter.php(404): CodeIgniter\CodeIgniter->runController(Object(App\Controllers\User))
#7 C:\xampp\htdocs\ci4tubes\vendor\codeigniter4\framework\system\CodeIgniter.php(312): CodeIgniter\CodeIgniter->handleRequest(NULL, Object(Config\Cache), false)
#8 C:\xampp\htdocs\ci4tubes\public\index.php(45): CodeIgniter\CodeIgniter->run()
#9 C:\xampp\htdocs\ci4tubes\vendor\codeigniter4\framework\system\Commands\Server\rewrite.php(34): require_once('C:\\xampp\\htdocs...')
#10 {main}
