CRITICAL - 2020-12-19 00:19:58 --> Undefined variable: b
#0 C:\xampp\htdocs\rekweb2020_artificial_lib\app\Views\book\index.php(12): CodeIgniter\Debug\Exceptions->errorHandler(8, 'Undefined varia...', 'C:\\xampp\\htdocs...', 12, Array)
#1 C:\xampp\htdocs\rekweb2020_artificial_lib\vendor\codeigniter4\framework\system\View\View.php(246): include('C:\\xampp\\htdocs...')
#2 C:\xampp\htdocs\rekweb2020_artificial_lib\vendor\codeigniter4\framework\system\Common.php(1119): CodeIgniter\View\View->render('book/index', Array, true)
#3 C:\xampp\htdocs\rekweb2020_artificial_lib\app\Controllers\Book.php(25): view('book/index', Array)
#4 C:\xampp\htdocs\rekweb2020_artificial_lib\vendor\codeigniter4\framework\system\CodeIgniter.php(918): App\Controllers\Book->index()
#5 C:\xampp\htdocs\rekweb2020_artificial_lib\vendor\codeigniter4\framework\system\CodeIgniter.php(404): CodeIgniter\CodeIgniter->runController(Object(App\Controllers\Book))
#6 C:\xampp\htdocs\rekweb2020_artificial_lib\vendor\codeigniter4\framework\system\CodeIgniter.php(312): CodeIgniter\CodeIgniter->handleRequest(NULL, Object(Config\Cache), false)
#7 C:\xampp\htdocs\rekweb2020_artificial_lib\public\index.php(45): CodeIgniter\CodeIgniter->run()
#8 C:\xampp\htdocs\rekweb2020_artificial_lib\vendor\codeigniter4\framework\system\Commands\Server\rewrite.php(34): require_once('C:\\xampp\\htdocs...')
#9 {main}
CRITICAL - 2020-12-19 00:20:26 --> Undefined index: slug
#0 C:\xampp\htdocs\rekweb2020_artificial_lib\app\Views\book\index.php(12): CodeIgniter\Debug\Exceptions->errorHandler(8, 'Undefined index...', 'C:\\xampp\\htdocs...', 12, Array)
#1 C:\xampp\htdocs\rekweb2020_artificial_lib\vendor\codeigniter4\framework\system\View\View.php(246): include('C:\\xampp\\htdocs...')
#2 C:\xampp\htdocs\rekweb2020_artificial_lib\vendor\codeigniter4\framework\system\Common.php(1119): CodeIgniter\View\View->render('book/index', Array, true)
#3 C:\xampp\htdocs\rekweb2020_artificial_lib\app\Controllers\Book.php(25): view('book/index', Array)
#4 C:\xampp\htdocs\rekweb2020_artificial_lib\vendor\codeigniter4\framework\system\CodeIgniter.php(918): App\Controllers\Book->index()
#5 C:\xampp\htdocs\rekweb2020_artificial_lib\vendor\codeigniter4\framework\system\CodeIgniter.php(404): CodeIgniter\CodeIgniter->runController(Object(App\Controllers\Book))
#6 C:\xampp\htdocs\rekweb2020_artificial_lib\vendor\codeigniter4\framework\system\CodeIgniter.php(312): CodeIgniter\CodeIgniter->handleRequest(NULL, Object(Config\Cache), false)
#7 C:\xampp\htdocs\rekweb2020_artificial_lib\public\index.php(45): CodeIgniter\CodeIgniter->run()
#8 C:\xampp\htdocs\rekweb2020_artificial_lib\vendor\codeigniter4\framework\system\Commands\Server\rewrite.php(34): require_once('C:\\xampp\\htdocs...')
#9 {main}
CRITICAL - 2020-12-19 01:01:15 --> Maximum execution time of 30 seconds exceeded
#0 [internal function]: CodeIgniter\Debug\Exceptions->shutdownHandler()
#1 {main}
CRITICAL - 2020-12-19 02:21:51 --> unlink(img/default.png): No such file or directory
#0 [internal function]: CodeIgniter\Debug\Exceptions->errorHandler(2, 'unlink(img/defa...', 'C:\\xampp\\htdocs...', 196, Array)
#1 C:\xampp\htdocs\rekweb2020_artificial_lib\app\Controllers\Book.php(196): unlink('img/default.png')
#2 C:\xampp\htdocs\rekweb2020_artificial_lib\vendor\codeigniter4\framework\system\CodeIgniter.php(918): App\Controllers\Book->update('2')
#3 C:\xampp\htdocs\rekweb2020_artificial_lib\vendor\codeigniter4\framework\system\CodeIgniter.php(404): CodeIgniter\CodeIgniter->runController(Object(App\Controllers\Book))
#4 C:\xampp\htdocs\rekweb2020_artificial_lib\vendor\codeigniter4\framework\system\CodeIgniter.php(312): CodeIgniter\CodeIgniter->handleRequest(NULL, Object(Config\Cache), false)
#5 C:\xampp\htdocs\rekweb2020_artificial_lib\public\index.php(45): CodeIgniter\CodeIgniter->run()
#6 C:\xampp\htdocs\rekweb2020_artificial_lib\vendor\codeigniter4\framework\system\Commands\Server\rewrite.php(34): require_once('C:\\xampp\\htdocs...')
#7 {main}
CRITICAL - 2020-12-19 03:11:47 --> Undefined variable: pager
#0 C:\xampp\htdocs\rekweb2020_artificial_lib\app\Views\book\index.php(59): CodeIgniter\Debug\Exceptions->errorHandler(8, 'Undefined varia...', 'C:\\xampp\\htdocs...', 59, Array)
#1 C:\xampp\htdocs\rekweb2020_artificial_lib\vendor\codeigniter4\framework\system\View\View.php(246): include('C:\\xampp\\htdocs...')
#2 C:\xampp\htdocs\rekweb2020_artificial_lib\vendor\codeigniter4\framework\system\Common.php(1119): CodeIgniter\View\View->render('book/index', Array, true)
#3 C:\xampp\htdocs\rekweb2020_artificial_lib\app\Controllers\Book.php(34): view('book/index', Array)
#4 C:\xampp\htdocs\rekweb2020_artificial_lib\vendor\codeigniter4\framework\system\CodeIgniter.php(918): App\Controllers\Book->index()
#5 C:\xampp\htdocs\rekweb2020_artificial_lib\vendor\codeigniter4\framework\system\CodeIgniter.php(404): CodeIgniter\CodeIgniter->runController(Object(App\Controllers\Book))
#6 C:\xampp\htdocs\rekweb2020_artificial_lib\vendor\codeigniter4\framework\system\CodeIgniter.php(312): CodeIgniter\CodeIgniter->handleRequest(NULL, Object(Config\Cache), false)
#7 C:\xampp\htdocs\rekweb2020_artificial_lib\public\index.php(45): CodeIgniter\CodeIgniter->run()
#8 C:\xampp\htdocs\rekweb2020_artificial_lib\vendor\codeigniter4\framework\system\Commands\Server\rewrite.php(34): require_once('C:\\xampp\\htdocs...')
#9 {main}
CRITICAL - 2020-12-19 03:17:08 --> book_pagination is not a valid Pager template.
#0 C:\xampp\htdocs\rekweb2020_artificial_lib\vendor\codeigniter4\framework\system\Pager\Pager.php(182): CodeIgniter\Pager\Exceptions\PagerException::forInvalidTemplate('book_pagination')
#1 C:\xampp\htdocs\rekweb2020_artificial_lib\vendor\codeigniter4\framework\system\Pager\Pager.php(121): CodeIgniter\Pager\Pager->displayLinks('book', 'book_pagination')
#2 C:\xampp\htdocs\rekweb2020_artificial_lib\app\Views\book\index.php(60): CodeIgniter\Pager\Pager->links('book', 'book_pagination')
#3 C:\xampp\htdocs\rekweb2020_artificial_lib\vendor\codeigniter4\framework\system\View\View.php(246): include('C:\\xampp\\htdocs...')
#4 C:\xampp\htdocs\rekweb2020_artificial_lib\vendor\codeigniter4\framework\system\Common.php(1119): CodeIgniter\View\View->render('book/index', Array, true)
#5 C:\xampp\htdocs\rekweb2020_artificial_lib\app\Controllers\Book.php(37): view('book/index', Array)
#6 C:\xampp\htdocs\rekweb2020_artificial_lib\vendor\codeigniter4\framework\system\CodeIgniter.php(918): App\Controllers\Book->index()
#7 C:\xampp\htdocs\rekweb2020_artificial_lib\vendor\codeigniter4\framework\system\CodeIgniter.php(404): CodeIgniter\CodeIgniter->runController(Object(App\Controllers\Book))
#8 C:\xampp\htdocs\rekweb2020_artificial_lib\vendor\codeigniter4\framework\system\CodeIgniter.php(312): CodeIgniter\CodeIgniter->handleRequest(NULL, Object(Config\Cache), false)
#9 C:\xampp\htdocs\rekweb2020_artificial_lib\public\index.php(45): CodeIgniter\CodeIgniter->run()
#10 C:\xampp\htdocs\rekweb2020_artificial_lib\vendor\codeigniter4\framework\system\Commands\Server\rewrite.php(34): require_once('C:\\xampp\\htdocs...')
#11 {main}
