CRITICAL - 2020-12-20 03:25:09 --> Too few arguments to function App\Controllers\User::editProfile(), 0 passed in C:\xampp\htdocs\rekweb2020_artificial_lib\vendor\codeigniter4\framework\system\CodeIgniter.php on line 918 and exactly 1 expected
#0 C:\xampp\htdocs\rekweb2020_artificial_lib\vendor\codeigniter4\framework\system\CodeIgniter.php(918): App\Controllers\User->editProfile()
#1 C:\xampp\htdocs\rekweb2020_artificial_lib\vendor\codeigniter4\framework\system\CodeIgniter.php(404): CodeIgniter\CodeIgniter->runController(Object(App\Controllers\User))
#2 C:\xampp\htdocs\rekweb2020_artificial_lib\vendor\codeigniter4\framework\system\CodeIgniter.php(312): CodeIgniter\CodeIgniter->handleRequest(NULL, Object(Config\Cache), false)
#3 C:\xampp\htdocs\rekweb2020_artificial_lib\public\index.php(45): CodeIgniter\CodeIgniter->run()
#4 C:\xampp\htdocs\rekweb2020_artificial_lib\vendor\codeigniter4\framework\system\Commands\Server\rewrite.php(34): require_once('C:\\xampp\\htdocs...')
#5 {main}
CRITICAL - 2020-12-20 03:28:38 --> Too few arguments to function App\Controllers\User::editProfile(), 0 passed in C:\xampp\htdocs\rekweb2020_artificial_lib\vendor\codeigniter4\framework\system\CodeIgniter.php on line 918 and exactly 1 expected
#0 C:\xampp\htdocs\rekweb2020_artificial_lib\vendor\codeigniter4\framework\system\CodeIgniter.php(918): App\Controllers\User->editProfile()
#1 C:\xampp\htdocs\rekweb2020_artificial_lib\vendor\codeigniter4\framework\system\CodeIgniter.php(404): CodeIgniter\CodeIgniter->runController(Object(App\Controllers\User))
#2 C:\xampp\htdocs\rekweb2020_artificial_lib\vendor\codeigniter4\framework\system\CodeIgniter.php(312): CodeIgniter\CodeIgniter->handleRequest(NULL, Object(Config\Cache), false)
#3 C:\xampp\htdocs\rekweb2020_artificial_lib\public\index.php(45): CodeIgniter\CodeIgniter->run()
#4 C:\xampp\htdocs\rekweb2020_artificial_lib\vendor\codeigniter4\framework\system\Commands\Server\rewrite.php(34): require_once('C:\\xampp\\htdocs...')
#5 {main}
CRITICAL - 2020-12-20 03:30:25 --> Undefined property: App\Controllers\User::$userModel
#0 C:\xampp\htdocs\rekweb2020_artificial_lib\app\Controllers\User.php(21): CodeIgniter\Debug\Exceptions->errorHandler(8, 'Undefined prope...', 'C:\\xampp\\htdocs...', 21, Array)
#1 C:\xampp\htdocs\rekweb2020_artificial_lib\vendor\codeigniter4\framework\system\CodeIgniter.php(918): App\Controllers\User->editProfile('$1')
#2 C:\xampp\htdocs\rekweb2020_artificial_lib\vendor\codeigniter4\framework\system\CodeIgniter.php(404): CodeIgniter\CodeIgniter->runController(Object(App\Controllers\User))
#3 C:\xampp\htdocs\rekweb2020_artificial_lib\vendor\codeigniter4\framework\system\CodeIgniter.php(312): CodeIgniter\CodeIgniter->handleRequest(NULL, Object(Config\Cache), false)
#4 C:\xampp\htdocs\rekweb2020_artificial_lib\public\index.php(45): CodeIgniter\CodeIgniter->run()
#5 C:\xampp\htdocs\rekweb2020_artificial_lib\vendor\codeigniter4\framework\system\Commands\Server\rewrite.php(34): require_once('C:\\xampp\\htdocs...')
#6 {main}
CRITICAL - 2020-12-20 03:32:53 --> Undefined property: App\Controllers\User::$userModel
#0 C:\xampp\htdocs\rekweb2020_artificial_lib\app\Controllers\User.php(21): CodeIgniter\Debug\Exceptions->errorHandler(8, 'Undefined prope...', 'C:\\xampp\\htdocs...', 21, Array)
#1 C:\xampp\htdocs\rekweb2020_artificial_lib\vendor\codeigniter4\framework\system\CodeIgniter.php(918): App\Controllers\User->editProfile('$1')
#2 C:\xampp\htdocs\rekweb2020_artificial_lib\vendor\codeigniter4\framework\system\CodeIgniter.php(404): CodeIgniter\CodeIgniter->runController(Object(App\Controllers\User))
#3 C:\xampp\htdocs\rekweb2020_artificial_lib\vendor\codeigniter4\framework\system\CodeIgniter.php(312): CodeIgniter\CodeIgniter->handleRequest(NULL, Object(Config\Cache), false)
#4 C:\xampp\htdocs\rekweb2020_artificial_lib\public\index.php(45): CodeIgniter\CodeIgniter->run()
#5 C:\xampp\htdocs\rekweb2020_artificial_lib\vendor\codeigniter4\framework\system\Commands\Server\rewrite.php(34): require_once('C:\\xampp\\htdocs...')
#6 {main}
CRITICAL - 2020-12-20 03:58:18 --> Too few arguments to function App\Controllers\User::editProfile(), 0 passed in C:\xampp\htdocs\rekweb2020_artificial_lib\vendor\codeigniter4\framework\system\CodeIgniter.php on line 918 and exactly 1 expected
#0 C:\xampp\htdocs\rekweb2020_artificial_lib\vendor\codeigniter4\framework\system\CodeIgniter.php(918): App\Controllers\User->editProfile()
#1 C:\xampp\htdocs\rekweb2020_artificial_lib\vendor\codeigniter4\framework\system\CodeIgniter.php(404): CodeIgniter\CodeIgniter->runController(Object(App\Controllers\User))
#2 C:\xampp\htdocs\rekweb2020_artificial_lib\vendor\codeigniter4\framework\system\CodeIgniter.php(312): CodeIgniter\CodeIgniter->handleRequest(NULL, Object(Config\Cache), false)
#3 C:\xampp\htdocs\rekweb2020_artificial_lib\public\index.php(45): CodeIgniter\CodeIgniter->run()
#4 C:\xampp\htdocs\rekweb2020_artificial_lib\vendor\codeigniter4\framework\system\Commands\Server\rewrite.php(34): require_once('C:\\xampp\\htdocs...')
#5 {main}
CRITICAL - 2020-12-20 04:00:22 --> Trying to get property 'usr_image' of non-object
#0 C:\xampp\htdocs\rekweb2020_artificial_lib\app\Views\user\index.php(14): CodeIgniter\Debug\Exceptions->errorHandler(8, 'Trying to get p...', 'C:\\xampp\\htdocs...', 14, Array)
#1 C:\xampp\htdocs\rekweb2020_artificial_lib\vendor\codeigniter4\framework\system\View\View.php(246): include('C:\\xampp\\htdocs...')
#2 C:\xampp\htdocs\rekweb2020_artificial_lib\vendor\codeigniter4\framework\system\Common.php(1119): CodeIgniter\View\View->render('user/index', Array, true)
#3 C:\xampp\htdocs\rekweb2020_artificial_lib\app\Controllers\User.php(13): view('user/index', Array)
#4 C:\xampp\htdocs\rekweb2020_artificial_lib\vendor\codeigniter4\framework\system\CodeIgniter.php(918): App\Controllers\User->index()
#5 C:\xampp\htdocs\rekweb2020_artificial_lib\vendor\codeigniter4\framework\system\CodeIgniter.php(404): CodeIgniter\CodeIgniter->runController(Object(App\Controllers\User))
#6 C:\xampp\htdocs\rekweb2020_artificial_lib\vendor\codeigniter4\framework\system\CodeIgniter.php(312): CodeIgniter\CodeIgniter->handleRequest(NULL, Object(Config\Cache), false)
#7 C:\xampp\htdocs\rekweb2020_artificial_lib\public\index.php(45): CodeIgniter\CodeIgniter->run()
#8 C:\xampp\htdocs\rekweb2020_artificial_lib\vendor\codeigniter4\framework\system\Commands\Server\rewrite.php(34): require_once('C:\\xampp\\htdocs...')
#9 {main}
CRITICAL - 2020-12-20 04:01:19 --> Undefined variable: config
#0 C:\xampp\htdocs\rekweb2020_artificial_lib\app\Views\auth\login.php(26): CodeIgniter\Debug\Exceptions->errorHandler(8, 'Undefined varia...', 'C:\\xampp\\htdocs...', 26, Array)
#1 C:\xampp\htdocs\rekweb2020_artificial_lib\vendor\codeigniter4\framework\system\View\View.php(246): include('C:\\xampp\\htdocs...')
#2 C:\xampp\htdocs\rekweb2020_artificial_lib\vendor\codeigniter4\framework\system\Common.php(1119): CodeIgniter\View\View->render('auth/login', Array, true)
#3 C:\xampp\htdocs\rekweb2020_artificial_lib\app\Controllers\Home.php(9): view('auth/login')
#4 C:\xampp\htdocs\rekweb2020_artificial_lib\vendor\codeigniter4\framework\system\CodeIgniter.php(918): App\Controllers\Home->index()
#5 C:\xampp\htdocs\rekweb2020_artificial_lib\vendor\codeigniter4\framework\system\CodeIgniter.php(404): CodeIgniter\CodeIgniter->runController(Object(App\Controllers\Home))
#6 C:\xampp\htdocs\rekweb2020_artificial_lib\vendor\codeigniter4\framework\system\CodeIgniter.php(312): CodeIgniter\CodeIgniter->handleRequest(NULL, Object(Config\Cache), false)
#7 C:\xampp\htdocs\rekweb2020_artificial_lib\public\index.php(45): CodeIgniter\CodeIgniter->run()
#8 C:\xampp\htdocs\rekweb2020_artificial_lib\vendor\codeigniter4\framework\system\Commands\Server\rewrite.php(34): require_once('C:\\xampp\\htdocs...')
#9 {main}
