CRITICAL - 2020-12-18 22:09:28 --> Call to undefined method App\Models\BookModel::getBook
#0 C:\xampp\htdocs\rekweb2020_artificial_lib\app\Controllers\Book.php(22): CodeIgniter\Model->__call('getBook', Array)
#1 C:\xampp\htdocs\rekweb2020_artificial_lib\vendor\codeigniter4\framework\system\CodeIgniter.php(918): App\Controllers\Book->index()
#2 C:\xampp\htdocs\rekweb2020_artificial_lib\vendor\codeigniter4\framework\system\CodeIgniter.php(404): CodeIgniter\CodeIgniter->runController(Object(App\Controllers\Book))
#3 C:\xampp\htdocs\rekweb2020_artificial_lib\vendor\codeigniter4\framework\system\CodeIgniter.php(312): CodeIgniter\CodeIgniter->handleRequest(NULL, Object(Config\Cache), false)
#4 C:\xampp\htdocs\rekweb2020_artificial_lib\public\index.php(45): CodeIgniter\CodeIgniter->run()
#5 C:\xampp\htdocs\rekweb2020_artificial_lib\vendor\codeigniter4\framework\system\Commands\Server\rewrite.php(34): require_once('C:\\xampp\\htdocs...')
#6 {main}
CRITICAL - 2020-12-18 22:15:09 --> Undefined variable: book
#0 C:\xampp\htdocs\rekweb2020_artificial_lib\app\Views\book\index.php(23): CodeIgniter\Debug\Exceptions->errorHandler(8, 'Undefined varia...', 'C:\\xampp\\htdocs...', 23, Array)
#1 C:\xampp\htdocs\rekweb2020_artificial_lib\vendor\codeigniter4\framework\system\View\View.php(246): include('C:\\xampp\\htdocs...')
#2 C:\xampp\htdocs\rekweb2020_artificial_lib\vendor\codeigniter4\framework\system\Common.php(1119): CodeIgniter\View\View->render('book/index', Array, true)
#3 C:\xampp\htdocs\rekweb2020_artificial_lib\app\Controllers\Book.php(40): view('book/index', Array)
#4 C:\xampp\htdocs\rekweb2020_artificial_lib\vendor\codeigniter4\framework\system\CodeIgniter.php(918): App\Controllers\Book->index()
#5 C:\xampp\htdocs\rekweb2020_artificial_lib\vendor\codeigniter4\framework\system\CodeIgniter.php(404): CodeIgniter\CodeIgniter->runController(Object(App\Controllers\Book))
#6 C:\xampp\htdocs\rekweb2020_artificial_lib\vendor\codeigniter4\framework\system\CodeIgniter.php(312): CodeIgniter\CodeIgniter->handleRequest(NULL, Object(Config\Cache), false)
#7 C:\xampp\htdocs\rekweb2020_artificial_lib\public\index.php(45): CodeIgniter\CodeIgniter->run()
#8 C:\xampp\htdocs\rekweb2020_artificial_lib\vendor\codeigniter4\framework\system\Commands\Server\rewrite.php(34): require_once('C:\\xampp\\htdocs...')
#9 {main}
CRITICAL - 2020-12-18 22:16:35 --> Undefined variable: book
#0 C:\xampp\htdocs\rekweb2020_artificial_lib\app\Views\book\index.php(23): CodeIgniter\Debug\Exceptions->errorHandler(8, 'Undefined varia...', 'C:\\xampp\\htdocs...', 23, Array)
#1 C:\xampp\htdocs\rekweb2020_artificial_lib\vendor\codeigniter4\framework\system\View\View.php(246): include('C:\\xampp\\htdocs...')
#2 C:\xampp\htdocs\rekweb2020_artificial_lib\vendor\codeigniter4\framework\system\Common.php(1119): CodeIgniter\View\View->render('book/index', Array, true)
#3 C:\xampp\htdocs\rekweb2020_artificial_lib\app\Controllers\Book.php(41): view('book/index', Array)
#4 C:\xampp\htdocs\rekweb2020_artificial_lib\vendor\codeigniter4\framework\system\CodeIgniter.php(918): App\Controllers\Book->index()
#5 C:\xampp\htdocs\rekweb2020_artificial_lib\vendor\codeigniter4\framework\system\CodeIgniter.php(404): CodeIgniter\CodeIgniter->runController(Object(App\Controllers\Book))
#6 C:\xampp\htdocs\rekweb2020_artificial_lib\vendor\codeigniter4\framework\system\CodeIgniter.php(312): CodeIgniter\CodeIgniter->handleRequest(NULL, Object(Config\Cache), false)
#7 C:\xampp\htdocs\rekweb2020_artificial_lib\public\index.php(45): CodeIgniter\CodeIgniter->run()
#8 C:\xampp\htdocs\rekweb2020_artificial_lib\vendor\codeigniter4\framework\system\Commands\Server\rewrite.php(34): require_once('C:\\xampp\\htdocs...')
#9 {main}
CRITICAL - 2020-12-18 22:29:01 --> Undefined variable: title
#0 C:\xampp\htdocs\rekweb2020_artificial_lib\app\Views\templates\index.php(12): CodeIgniter\Debug\Exceptions->errorHandler(8, 'Undefined varia...', 'C:\\xampp\\htdocs...', 12, Array)
#1 C:\xampp\htdocs\rekweb2020_artificial_lib\vendor\codeigniter4\framework\system\View\View.php(246): include('C:\\xampp\\htdocs...')
#2 C:\xampp\htdocs\rekweb2020_artificial_lib\vendor\codeigniter4\framework\system\View\View.php(257): CodeIgniter\View\View->render('templates/index', Array, true)
#3 C:\xampp\htdocs\rekweb2020_artificial_lib\vendor\codeigniter4\framework\system\Common.php(1119): CodeIgniter\View\View->render('book/index', Array, true)
#4 C:\xampp\htdocs\rekweb2020_artificial_lib\app\Controllers\Book.php(30): view('book/index', Array)
#5 C:\xampp\htdocs\rekweb2020_artificial_lib\vendor\codeigniter4\framework\system\CodeIgniter.php(918): App\Controllers\Book->index()
#6 C:\xampp\htdocs\rekweb2020_artificial_lib\vendor\codeigniter4\framework\system\CodeIgniter.php(404): CodeIgniter\CodeIgniter->runController(Object(App\Controllers\Book))
#7 C:\xampp\htdocs\rekweb2020_artificial_lib\vendor\codeigniter4\framework\system\CodeIgniter.php(312): CodeIgniter\CodeIgniter->handleRequest(NULL, Object(Config\Cache), false)
#8 C:\xampp\htdocs\rekweb2020_artificial_lib\public\index.php(45): CodeIgniter\CodeIgniter->run()
#9 C:\xampp\htdocs\rekweb2020_artificial_lib\vendor\codeigniter4\framework\system\Commands\Server\rewrite.php(34): require_once('C:\\xampp\\htdocs...')
#10 {main}
CRITICAL - 2020-12-18 22:59:48 --> Undefined variable: user
#0 C:\xampp\htdocs\rekweb2020_artificial_lib\app\Views\book\index.php(30): CodeIgniter\Debug\Exceptions->errorHandler(8, 'Undefined varia...', 'C:\\xampp\\htdocs...', 30, Array)
#1 C:\xampp\htdocs\rekweb2020_artificial_lib\vendor\codeigniter4\framework\system\View\View.php(246): include('C:\\xampp\\htdocs...')
#2 C:\xampp\htdocs\rekweb2020_artificial_lib\vendor\codeigniter4\framework\system\Common.php(1119): CodeIgniter\View\View->render('book/index', Array, true)
#3 C:\xampp\htdocs\rekweb2020_artificial_lib\app\Controllers\Book.php(31): view('book/index', Array)
#4 C:\xampp\htdocs\rekweb2020_artificial_lib\vendor\codeigniter4\framework\system\CodeIgniter.php(918): App\Controllers\Book->index()
#5 C:\xampp\htdocs\rekweb2020_artificial_lib\vendor\codeigniter4\framework\system\CodeIgniter.php(404): CodeIgniter\CodeIgniter->runController(Object(App\Controllers\Book))
#6 C:\xampp\htdocs\rekweb2020_artificial_lib\vendor\codeigniter4\framework\system\CodeIgniter.php(312): CodeIgniter\CodeIgniter->handleRequest(NULL, Object(Config\Cache), false)
#7 C:\xampp\htdocs\rekweb2020_artificial_lib\public\index.php(45): CodeIgniter\CodeIgniter->run()
#8 C:\xampp\htdocs\rekweb2020_artificial_lib\vendor\codeigniter4\framework\system\Commands\Server\rewrite.php(34): require_once('C:\\xampp\\htdocs...')
#9 {main}
CRITICAL - 2020-12-18 23:18:23 --> Undefined index: penulis
#0 C:\xampp\htdocs\rekweb2020_artificial_lib\app\Views\book\detail.php(17): CodeIgniter\Debug\Exceptions->errorHandler(8, 'Undefined index...', 'C:\\xampp\\htdocs...', 17, Array)
#1 C:\xampp\htdocs\rekweb2020_artificial_lib\vendor\codeigniter4\framework\system\View\View.php(246): include('C:\\xampp\\htdocs...')
#2 C:\xampp\htdocs\rekweb2020_artificial_lib\vendor\codeigniter4\framework\system\Common.php(1119): CodeIgniter\View\View->render('book/detail', Array, true)
#3 C:\xampp\htdocs\rekweb2020_artificial_lib\app\Controllers\Book.php(53): view('book/detail', Array)
#4 C:\xampp\htdocs\rekweb2020_artificial_lib\vendor\codeigniter4\framework\system\CodeIgniter.php(918): App\Controllers\Book->detail('algorithma')
#5 C:\xampp\htdocs\rekweb2020_artificial_lib\vendor\codeigniter4\framework\system\CodeIgniter.php(404): CodeIgniter\CodeIgniter->runController(Object(App\Controllers\Book))
#6 C:\xampp\htdocs\rekweb2020_artificial_lib\vendor\codeigniter4\framework\system\CodeIgniter.php(312): CodeIgniter\CodeIgniter->handleRequest(NULL, Object(Config\Cache), false)
#7 C:\xampp\htdocs\rekweb2020_artificial_lib\public\index.php(45): CodeIgniter\CodeIgniter->run()
#8 C:\xampp\htdocs\rekweb2020_artificial_lib\vendor\codeigniter4\framework\system\Commands\Server\rewrite.php(34): require_once('C:\\xampp\\htdocs...')
#9 {main}
